2024-07-18 20:47:52.138743 krasnoyarsk started
2024-07-18 20:47:52.138743 bataysk started
2024-07-18 20:47:52.141741 spb started
2024-07-18 20:47:52.149743 vhodnaya started
2024-07-18 20:47:52.168454 habr started
2024-07-18 20:47:52.183452 chelyabinsk started
2024-07-18 20:47:52.193690 oreh started
2024-07-18 20:47:52.200543 zelecino started
2024-07-18 20:47:52.214543 komsomolsk started
2024-07-18 20:47:52.228295 smolensk started
2024-07-18 20:47:52.236537 kurbakinskaya started
2024-07-18 20:47:52.240529 murmansk started
2024-07-18 20:47:52.246448 ekaterinburg started
2024-07-18 20:47:52.250467 inskaya started
2024-07-18 20:47:52.252463 kinel started
2024-07-18 20:47:52.253462 losta started
2024-07-18 20:48:13.159381 chelyabinsk finished successfully. Duration: 0:00:21.022648
2024-07-18 20:48:28.545931 zelecino finished successfully. Duration: 0:00:36.409198
2024-07-18 20:48:28.805250 murmansk finished successfully. Duration: 0:00:36.668517
2024-07-18 20:48:33.005371 kurbakinskaya finished successfully. Duration: 0:00:40.868638
2024-07-18 20:48:34.431891 krasnoyarsk finished successfully. Duration: 0:00:42.295158
2024-07-18 20:48:39.029712 losta finished successfully. Duration: 0:00:46.892979
2024-07-18 20:48:44.548747 ekaterinburg finished successfully. Duration: 0:00:52.412014
2024-07-18 20:48:48.717415 inskaya finished successfully. Duration: 0:00:56.580682
2024-07-18 20:48:48.800886 oreh finished successfully. Duration: 0:00:56.664153
2024-07-18 20:48:49.920564 smolensk finished successfully. Duration: 0:00:57.783831
2024-07-18 20:49:00.171116 spb finished successfully. Duration: 0:01:08.034383
2024-07-18 20:49:01.629089 vhodnaya finished successfully. Duration: 0:01:09.492356
2024-07-18 20:49:11.115273 komsomolsk finished successfully. Duration: 0:01:18.978540
2024-07-18 20:49:13.734758 bataysk finished successfully. Duration: 0:01:21.598025
2024-07-18 20:49:53.443025 habr finished successfully. Duration: 0:02:01.306292
2024-07-18 20:50:34.414354 kinel finished successfully. Duration: 0:02:42.277621
