2024-10-19 16:14:57.550396 Zip archive was created succesfully
2024-10-19 16:14:57.552400 krasnoyarsk artifacts loading have been started
2024-10-19 16:14:57.552400 bataysk artifacts loading have been started
2024-10-19 16:14:57.557401 vhodnaya artifacts loading have been started
2024-10-19 16:14:57.554400 spb artifacts loading have been started
2024-10-19 16:14:57.586400 chelyabinsk artifacts loading have been started
2024-10-19 16:14:57.580400 habr artifacts loading have been started
2024-10-19 16:14:57.619400 oreh artifacts loading have been started
2024-10-19 16:14:57.634401 zelecino artifacts loading have been started
2024-10-19 16:14:57.637399 komsomolsk artifacts loading have been started
2024-10-19 16:14:57.661398 smolensk artifacts loading have been started
2024-10-19 16:14:57.681401 kurbakinskaya artifacts loading have been started
2024-10-19 16:14:57.701400 murmansk artifacts loading have been started
2024-10-19 16:14:57.703400 ekaterinburg artifacts loading have been started
2024-10-19 16:14:57.725400 inskaya artifacts loading have been started
2024-10-19 16:14:57.731397 kinel artifacts loading have been started
2024-10-19 16:14:57.759402 losta artifacts loading have been started
2024-10-19 16:14:57.798610 chelyabinsk artifacts uploaded successfully. Duration: 0:00:00.212210
2024-10-19 16:14:57.992474 oreh artifacts uploaded successfully. Duration: 0:00:00.373074
2024-10-19 16:14:58.044111 krasnoyarsk artifacts uploaded successfully. Duration: 0:00:00.491711
2024-10-19 16:14:58.052113 spb artifacts uploaded successfully. Duration: 0:00:00.497713
2024-10-19 16:14:58.077691 murmansk artifacts uploaded successfully. Duration: 0:00:00.376291
2024-10-19 16:14:58.115108 zelecino artifacts uploaded successfully. Duration: 0:00:00.480707
2024-10-19 16:14:58.171174 vhodnaya artifacts uploaded successfully. Duration: 0:00:00.613773
2024-10-19 16:14:58.184710 kurbakinskaya artifacts uploaded successfully. Duration: 0:00:00.503309
2024-10-19 16:14:58.198463 kinel artifacts uploaded successfully. Duration: 0:00:00.467066
2024-10-19 16:14:58.327910 smolensk artifacts uploaded successfully. Duration: 0:00:00.666512
2024-10-19 16:14:58.420264 inskaya artifacts uploaded successfully. Duration: 0:00:00.694864
2024-10-19 16:14:58.467627 losta artifacts uploaded successfully. Duration: 0:00:00.708225
2024-10-19 16:14:58.529533 ekaterinburg artifacts uploaded successfully. Duration: 0:00:00.826133
2024-10-19 16:14:58.590395 habr artifacts uploaded successfully. Duration: 0:00:01.009995
2024-10-19 16:14:58.885363 komsomolsk artifacts uploaded successfully. Duration: 0:00:01.247964
2024-10-19 16:14:59.505738 bataysk artifacts uploaded successfully. Duration: 0:00:01.953338
